# JRE version: Java(TM) SE Runtime Environment (8.0_111-b14) (build 1.8.0_111-b14)
# Java VM: Java HotSpot(TM) 64-Bit Server VM (25.111-b14 mixed mode linux-amd64 compressed oops)
Heap:
 par new generation   total 290624K, used 116896K [0x00000000c4c00000, 0x00000000d8750000, 0x00000000d8750000)
  eden space 258368K,  43% used [0x00000000c4c00000, 0x00000000cbb01108, 0x00000000d4850000)
  from space 32256K,  10% used [0x00000000d4850000, 0x00000000d4b77220, 0x00000000d67d0000)
  to   space 32256K,   0% used [0x00000000d67d0000, 0x00000000d67d0000, 0x00000000d8750000)
 concurrent mark-sweep generation total 647872K, used 271930K [0x00000000d8750000, 0x0000000100000000, 0x0000000100000000)
 Metaspace       used 110063K, capacity 122210K, committed 124824K, reserved 1159168K
  class space    used 12341K, capacity 15326K, committed 16076K, reserved 1048576K
GC Heap History (10 events):
Event: 70799.123 GC heap before
{Heap before GC invocations=2638 (full 18):
 par new generation   total 290624K, used 263938K [0x00000000c4c00000, 0x00000000d8750000, 0x00000000d8750000)
  eden space 258368K,  99% used [0x00000000c4c00000, 0x00000000d4830488, 0x00000000d4850000)
  from space 32256K,  17% used [0x00000000d67d0000, 0x00000000d6d60508, 0x00000000d8750000)
  to   space 32256K,   0% used [0x00000000d4850000, 0x00000000d4850000, 0x00000000d67d0000)
 concurrent mark-sweep generation total 647872K, used 271070K [0x00000000d8750000, 0x0000000100000000, 0x0000000100000000)
 Metaspace       used 110063K, capacity 122210K, committed 124824K, reserved 1159168K
  class space    used 12341K, capacity 15326K, committed 16076K, reserved 1048576K
Event: 70799.156 GC heap after
Heap after GC invocations=2639 (full 18):
 par new generation   total 290624K, used 13685K [0x00000000c4c00000, 0x00000000d8750000, 0x00000000d8750000)
  eden space 258368K,   0% used [0x00000000c4c00000, 0x00000000c4c00000, 0x00000000d4850000)
  from space 32256K,  42% used [0x00000000d4850000, 0x00000000d55ad650, 0x00000000d67d0000)
  to   space 32256K,   0% used [0x00000000d67d0000, 0x00000000d67d0000, 0x00000000d8750000)
 concurrent mark-sweep generation total 647872K, used 271206K [0x00000000d8750000, 0x0000000100000000, 0x0000000100000000)
 Metaspace       used 110063K, capacity 122210K, committed 124824K, reserved 1159168K
  class space    used 12341K, capacity 15326K, committed 16076K, reserved 1048576K
}
Event: 70799.323 GC heap before
{Heap before GC invocations=2639 (full 18):
 par new generation   total 290624K, used 271628K [0x00000000c4c00000, 0x00000000d8750000, 0x00000000d8750000)
  eden space 258368K,  99% used [0x00000000c4c00000, 0x00000000d47e5c00, 0x00000000d4850000)
  from space 32256K,  42% used [0x00000000d4850000, 0x00000000d55ad650, 0x00000000d67d0000)
  to   space 32256K,   0% used [0x00000000d67d0000, 0x00000000d67d0000, 0x00000000d8750000)
 concurrent mark-sweep generation total 647872K, used 271206K [0x00000000d8750000, 0x0000000100000000, 0x0000000100000000)
 Metaspace       used 110063K, capacity 122210K, committed 124824K, reserved 1159168K
  class space    used 12341K, capacity 15326K, committed 16076K, reserved 1048576K
Event: 70799.327 GC heap after
Heap after GC invocations=2640 (full 18):
 par new generation   total 290624K, used 3583K [0x00000000c4c00000, 0x00000000d8750000, 0x00000000d8750000)
  eden space 258368K,   0% used [0x00000000c4c00000, 0x00000000c4c00000, 0x00000000d4850000)
  from space 32256K,  11% used [0x00000000d67d0000, 0x00000000d6b4fd68, 0x00000000d8750000)
  to   space 32256K,   0% used [0x00000000d4850000, 0x00000000d4850000, 0x00000000d67d0000)
 concurrent mark-sweep generation total 647872K, used 271344K [0x00000000d8750000, 0x0000000100000000, 0x0000000100000000)
 Metaspace       used 110063K, capacity 122210K, committed 124824K, reserved 1159168K
  class space    used 12341K, capacity 15326K, committed 16076K, reserved 1048576K
}
Event: 70799.522 GC heap before
{Heap before GC invocations=2640 (full 18):
 par new generation   total 290624K, used 261564K [0x00000000c4c00000, 0x00000000d8750000, 0x00000000d8750000)
  eden space 258368K,  99% used [0x00000000c4c00000, 0x00000000d47ef2d0, 0x00000000d4850000)
  from space 32256K,  11% used [0x00000000d67d0000, 0x00000000d6b4fd68, 0x00000000d8750000)
  to   space 32256K,   0% used [0x00000000d4850000, 0x00000000d4850000, 0x00000000d67d0000)
 concurrent mark-sweep generation total 647872K, used 271344K [0x00000000d8750000, 0x0000000100000000, 0x0000000100000000)
 Metaspace       used 110063K, capacity 122210K, committed 124824K, reserved 1159168K
  class space    used 12341K, capacity 15326K, committed 16076K, reserved 1048576K
Event: 70799.528 GC heap after
Heap after GC invocations=2641 (full 18):
 par new generation   total 290624K, used 3422K [0x00000000c4c00000, 0x00000000d8750000, 0x00000000d8750000)
  eden space 258368K,   0% used [0x00000000c4c00000, 0x00000000c4c00000, 0x00000000d4850000)
  from space 32256K,  10% used [0x00000000d4850000, 0x00000000d4ba7888, 0x00000000d67d0000)
  to   space 32256K,   0% used [0x00000000d67d0000, 0x00000000d67d0000, 0x00000000d8750000)
 concurrent mark-sweep generation total 647872K, used 271485K [0x00000000d8750000, 0x0000000100000000, 0x0000000100000000)
 Metaspace       used 110063K, capacity 122210K, committed 124824K, reserved 1159168K
  class space    used 12341K, capacity 15326K, committed 16076K, reserved 1048576K
}
Event: 70799.729 GC heap before
{Heap before GC invocations=2641 (full 18):
 par new generation   total 290624K, used 261596K [0x00000000c4c00000, 0x00000000d8750000, 0x00000000d8750000)
  eden space 258368K,  99% used [0x00000000c4c00000, 0x00000000d481fa88, 0x00000000d4850000)
  from space 32256K,  10% used [0x00000000d4850000, 0x00000000d4ba7888, 0x00000000d67d0000)
  to   space 32256K,   0% used [0x00000000d67d0000, 0x00000000d67d0000, 0x00000000d8750000)
 concurrent mark-sweep generation total 647872K, used 271485K [0x00000000d8750000, 0x0000000100000000, 0x0000000100000000)
 Metaspace       used 110063K, capacity 122210K, committed 124824K, reserved 1159168K
  class space    used 12341K, capacity 15326K, committed 16076K, reserved 1048576K
Event: 70799.733 GC heap after
Heap after GC invocations=2642 (full 18):
 par new generation   total 290624K, used 3585K [0x00000000c4c00000, 0x00000000d8750000, 0x00000000d8750000)
  eden space 258368K,   0% used [0x00000000c4c00000, 0x00000000c4c00000, 0x00000000d4850000)
  from space 32256K,  11% used [0x00000000d67d0000, 0x00000000d6b50648, 0x00000000d8750000)
  to   space 32256K,   0% used [0x00000000d4850000, 0x00000000d4850000, 0x00000000d67d0000)
 concurrent mark-sweep generation total 647872K, used 271653K [0x00000000d8750000, 0x0000000100000000, 0x0000000100000000)
 Metaspace       used 110063K, capacity 122210K, committed 124824K, reserved 1159168K
  class space    used 12341K, capacity 15326K, committed 16076K, reserved 1048576K
}
Event: 70799.964 GC heap before
{Heap before GC invocations=2642 (full 18):
 par new generation   total 290624K, used 261513K [0x00000000c4c00000, 0x00000000d8750000, 0x00000000d8750000)
  eden space 258368K,  99% used [0x00000000c4c00000, 0x00000000d47e1df0, 0x00000000d4850000)
  from space 32256K,  11% used [0x00000000d67d0000, 0x00000000d6b50648, 0x00000000d8750000)
  to   space 32256K,   0% used [0x00000000d4850000, 0x00000000d4850000, 0x00000000d67d0000)
 concurrent mark-sweep generation total 647872K, used 271653K [0x00000000d8750000, 0x0000000100000000, 0x0000000100000000)
 Metaspace       used 110063K, capacity 122210K, committed 124824K, reserved 1159168K
  class space    used 12341K, capacity 15326K, committed 16076K, reserved 1048576K
Event: 70799.970 GC heap after
Heap after GC invocations=2643 (full 18):
 par new generation   total 290624K, used 3228K [0x00000000c4c00000, 0x00000000d8750000, 0x00000000d8750000)
  eden space 258368K,   0% used [0x00000000c4c00000, 0x00000000c4c00000, 0x00000000d4850000)
  from space 32256K,  10% used [0x00000000d4850000, 0x00000000d4b77220, 0x00000000d67d0000)
  to   space 32256K,   0% used [0x00000000d67d0000, 0x00000000d67d0000, 0x00000000d8750000)
 concurrent mark-sweep generation total 647872K, used 271930K [0x00000000d8750000, 0x0000000100000000, 0x0000000100000000)
 Metaspace       used 110063K, capacity 122210K, committed 124824K, reserved 1159168K
  class space    used 12341K, capacity 15326K, committed 16076K, reserved 1048576K
}

